<?xml version="1.0" encoding="utf-8"?><testsuites><testsuite name="pytest" errors="0" failures="0" skipped="0" tests="8" time="246.806" timestamp="2023-05-05T15:16:31.689247" hostname="enhengdeMacBook-Air.local"><testcase classname="test_case.test_season_monitoring.test_season.TestSeason" name="test_season_info" time="1.058" /><testcase classname="test_case.test_season_monitoring.test_season.TestSeason" name="test_common_data_source" time="1.010" /><testcase classname="test_case.test_season_monitoring.test_season.TestSeason" name="test_season_basic_data_comparison_false" time="47.304" /><testcase classname="test_case.test_season_monitoring.test_season.TestSeason" name="test_season_giftbag_group_comparison_false" time="8.397" /><testcase classname="test_case.test_season_monitoring.test_season.TestSeason" name="test_season_giftbag_level_comparison_false" time="12.335" /><testcase classname="test_case.test_season_monitoring.test_season.TestSeason" name="test_season_source_score_comparison_false" time="69.185" /><testcase classname="test_case.test_season_monitoring.test_season.TestSeason" name="test_season_source_score_gear_comparison_false" time="43.502" /><testcase classname="test_case.test_season_monitoring.test_season.TestSeason" name="test_season_source_score_level_comparison_false" time="63.495" /></testsuite></testsuites>